<?xml version="1.0" encoding="UTF-8"?>
<!-- Generated by org.testng.reporters.JUnitReportReporter -->
<testsuite hostname="Shreyul" failures="0" tests="2" name="testcases.FashionPageTest" time="41.919" errors="0" timestamp="2023-06-22T09:46:03 EDT" skipped="0">
  <testcase classname="testcases.FashionPageTest" name="verifyFashionPageTitleTest" time="27.824"/>
  <system-out/>
  <testcase classname="testcases.FashionPageTest" name="verifyFashionCategoriesListTest" time="14.095"/>
  <system-out/>
</testsuite> <!-- testcases.FashionPageTest -->
