<?xml version="1.0" encoding="UTF-8"?>
<!-- Generated by org.testng.reporters.JUnitReportReporter -->
<testsuite hostname="Shreyul" failures="0" tests="2" name="testcases.FashionPageTest" time="28.861" errors="0" timestamp="2023-06-12T17:52:34 EDT" skipped="0">
  <testcase classname="testcases.FashionPageTest" name="verifyFashionPageTitleTest" time="13.568"/>
  <system-out/>
  <testcase classname="testcases.FashionPageTest" name="verifyFashionCategoriesListTest" time="15.293"/>
  <system-out/>
</testsuite> <!-- testcases.FashionPageTest -->
