<?xml version="1.0" encoding="UTF-8"?>
<!-- Generated by org.testng.reporters.JUnitReportReporter -->
<testsuite hostname="Shreyul" failures="0" tests="4" name="tests.Testing1" time="0.016" errors="0" timestamp="2023-05-08T14:50:27 EDT" skipped="0">
  <testcase classname="tests.Testing1" name="test2" time="0.003"/>
  <system-out/>
  <testcase classname="tests.Testing1" name="test1" time="0.001"/>
  <system-out/>
  <testcase classname="tests.Testing1" name="test1" time="0.009"/>
  <system-out/>
  <testcase classname="tests.Testing1" name="test1" time="0.003"/>
  <system-out/>
</testsuite> <!-- tests.Testing1 -->
