<?xml version="1.0" encoding="UTF-8"?>
<!-- Generated by org.testng.reporters.JUnitReportReporter -->
<testsuite hostname="Shreyul" failures="0" tests="1" name="testcases.HomePageTest" time="13.184" errors="0" timestamp="2023-06-26T12:43:59 EDT" skipped="0">
  <testcase classname="testcases.HomePageTest" name="verifyCorrectuserNameTest" time="13.184"/>
  <system-out/>
</testsuite> <!-- testcases.HomePageTest -->
