<?xml version="1.0" encoding="UTF-8"?>
<!-- Generated by org.testng.reporters.JUnitReportReporter -->
<testsuite hostname="Shreyul" failures="0" tests="5" name="testcases.HomePageTest" time="64.757" errors="0" timestamp="2023-06-12T17:52:34 EDT" skipped="0">
  <testcase classname="testcases.HomePageTest" name="verifyHomePageTitleTest" time="10.195"/>
  <system-out/>
  <testcase classname="testcases.HomePageTest" name="verifyCorrectuserNameTest" time="12.612"/>
  <system-out/>
  <testcase classname="testcases.HomePageTest" name="SavedPageTest" time="13.435"/>
  <system-out/>
  <testcase classname="testcases.HomePageTest" name="FashionPageTest" time="15.044"/>
  <system-out/>
  <testcase classname="testcases.HomePageTest" name="verifyProfileNameTest" time="13.471"/>
  <system-out/>
</testsuite> <!-- testcases.HomePageTest -->
