<?xml version="1.0" encoding="UTF-8"?>
<!-- Generated by org.testng.reporters.JUnitReportReporter -->
<testsuite hostname="Shreyul" failures="0" tests="2" name="testcases.AddToCartPageTest" time="45.150" errors="0" timestamp="2023-06-12T17:52:34 EDT" skipped="0">
  <testcase classname="testcases.AddToCartPageTest" name="AddFirstItemToCart" time="16.645"/>
  <system-out/>
  <testcase classname="testcases.AddToCartPageTest" name="DeliveryPageTest" time="28.505"/>
  <system-out/>
</testsuite> <!-- testcases.AddToCartPageTest -->
