<?xml version="1.0" encoding="UTF-8"?>
<!-- Generated by org.testng.reporters.JUnitReportReporter -->
<testsuite hostname="Shreyul" failures="0" tests="2" name="testcases.SavedPageTest" time="28.266" errors="0" timestamp="2023-06-12T17:52:34 EDT" skipped="0">
  <testcase classname="testcases.SavedPageTest" name="verifySavedPageTest" time="13.086"/>
  <system-out/>
  <testcase classname="testcases.SavedPageTest" name="backToHomePageTest" time="15.180"/>
  <system-out/>
</testsuite> <!-- testcases.SavedPageTest -->
