<?xml version="1.0" encoding="UTF-8"?>
<!-- Generated by org.testng.reporters.JUnitReportReporter -->
<testsuite hostname="Shreyul" failures="0" tests="2" name="tests.Testing2" time="0.004" errors="0" timestamp="2023-05-08T14:50:27 EDT" skipped="0">
  <testcase classname="tests.Testing2" name="test3" time="0.002"/>
  <system-out/>
  <testcase classname="tests.Testing2" name="test4" time="0.002"/>
  <system-out/>
</testsuite> <!-- tests.Testing2 -->
