<?xml version="1.0" encoding="UTF-8"?>
<!-- Generated by org.testng.reporters.JUnitReportReporter -->
<testsuite hostname="Shreyul" failures="0" tests="2" name="testcases.AddToCartTest" time="48.410" errors="0" timestamp="2023-06-12T12:57:06 EDT" skipped="0">
  <testcase classname="testcases.AddToCartTest" name="AddFirstItemToCart" time="15.077"/>
  <system-out/>
  <testcase classname="testcases.AddToCartTest" name="DeliveryPageTest" time="33.333"/>
  <system-out/>
</testsuite> <!-- testcases.AddToCartTest -->
