<?xml version="1.0" encoding="UTF-8"?>
<!-- Generated by org.testng.reporters.JUnitReportReporter -->
<testsuite hostname="Shreyul" failures="0" tests="2" name="testcases.LoginPageTest" time="15.400" errors="0" timestamp="2023-06-12T19:54:17 EDT" skipped="0">
  <testcase classname="testcases.LoginPageTest" name="loginPageTitleTest" time="5.486"/>
  <system-out/>
  <testcase classname="testcases.LoginPageTest" name="loginTest" time="9.914"/>
  <system-out/>
</testsuite> <!-- testcases.LoginPageTest -->
