<?xml version="1.0" encoding="UTF-8"?>
<!-- Generated by org.testng.reporters.JUnitReportReporter -->
<testsuite hostname="Shreyul" failures="0" tests="2" name="testcases.FashionPageTest" time="38.717" errors="0" timestamp="2023-06-12T19:54:17 EDT" skipped="0">
  <testcase classname="testcases.FashionPageTest" name="verifyFashionPageTitleTest" time="15.028"/>
  <system-out/>
  <testcase classname="testcases.FashionPageTest" name="verifyFashionCategoriesListTest" time="23.689"/>
  <system-out/>
</testsuite> <!-- testcases.FashionPageTest -->
