<?xml version="1.0" encoding="UTF-8"?>
<!-- Generated by org.testng.reporters.JUnitReportReporter -->
<testsuite hostname="Shreyul" failures="0" tests="5" name="testcases.HomePageTest" time="72.969" errors="0" timestamp="2023-06-12T19:54:17 EDT" skipped="0">
  <testcase classname="testcases.HomePageTest" name="verifyHomePageTitleTest" time="13.456"/>
  <system-out/>
  <testcase classname="testcases.HomePageTest" name="verifyCorrectuserNameTest" time="12.713"/>
  <system-out/>
  <testcase classname="testcases.HomePageTest" name="SavedPageTest" time="13.673"/>
  <system-out/>
  <testcase classname="testcases.HomePageTest" name="FashionPageTest" time="16.942"/>
  <system-out/>
  <testcase classname="testcases.HomePageTest" name="verifyProfileNameTest" time="16.185"/>
  <system-out/>
</testsuite> <!-- testcases.HomePageTest -->
