<?xml version="1.0" encoding="UTF-8"?>
<!-- Generated by org.testng.reporters.JUnitReportReporter -->
<testsuite hostname="Shreyul" failures="0" tests="2" name="testcases.SavedPageTest" time="32.973" errors="0" timestamp="2023-06-12T19:54:17 EDT" skipped="0">
  <testcase classname="testcases.SavedPageTest" name="verifySavedPageTest" time="14.005"/>
  <system-out/>
  <testcase classname="testcases.SavedPageTest" name="backToHomePageTest" time="18.968"/>
  <system-out/>
</testsuite> <!-- testcases.SavedPageTest -->
